  NewStructPrintScore.cpp
C:\Users\KOSTA\source\repos\KOSTA\NewStructPrintScore\NewStructPrintScore.cpp(70,12): warning C4101: 'k' :참조되지 않은 지역 변수입니다.
C:\Users\KOSTA\source\repos\KOSTA\NewStructPrintScore\NewStructPrintScore.cpp(88,12): warning C4101: 'k' :참조되지 않은 지역 변수입니다.
C:\Users\KOSTA\source\repos\KOSTA\NewStructPrintScore\NewStructPrintScore.cpp(111,3): warning C4996: 'strcpy': This function or variable may be unsafe. Consider using strcpy_s instead. To disable deprecation, use _CRT_SECURE_NO_WARNINGS. See online help for details.
C:\Users\KOSTA\source\repos\KOSTA\NewStructPrintScore\NewStructPrintScore.cpp(171,14): warning C4996: 'fopen': This function or variable may be unsafe. Consider using fopen_s instead. To disable deprecation, use _CRT_SECURE_NO_WARNINGS. See online help for details.
C:\Users\KOSTA\source\repos\KOSTA\NewStructPrintScore\NewStructPrintScore.cpp(172,15): warning C4996: 'fopen': This function or variable may be unsafe. Consider using fopen_s instead. To disable deprecation, use _CRT_SECURE_NO_WARNINGS. See online help for details.
C:\Users\KOSTA\source\repos\KOSTA\NewStructPrintScore\NewStructPrintScore.cpp(173,2): warning C4996: 'fscanf': This function or variable may be unsafe. Consider using fscanf_s instead. To disable deprecation, use _CRT_SECURE_NO_WARNINGS. See online help for details.
C:\Users\KOSTA\source\repos\KOSTA\NewStructPrintScore\NewStructPrintScore.cpp(175,29): warning C4996: 'fscanf': This function or variable may be unsafe. Consider using fscanf_s instead. To disable deprecation, use _CRT_SECURE_NO_WARNINGS. See online help for details.
C:\Users\KOSTA\source\repos\KOSTA\NewStructPrintScore\NewStructPrintScore.cpp(176,29): warning C4996: 'fscanf': This function or variable may be unsafe. Consider using fscanf_s instead. To disable deprecation, use _CRT_SECURE_NO_WARNINGS. See online help for details.
C:\Users\KOSTA\source\repos\KOSTA\NewStructPrintScore\NewStructPrintScore.cpp(177,29): warning C4996: 'fscanf': This function or variable may be unsafe. Consider using fscanf_s instead. To disable deprecation, use _CRT_SECURE_NO_WARNINGS. See online help for details.
C:\Users\KOSTA\source\repos\KOSTA\NewStructPrintScore\NewStructPrintScore.cpp(158,12): warning C4101: 'k' :참조되지 않은 지역 변수입니다.
C:\Users\KOSTA\source\repos\KOSTA\NewStructPrintScore\NewStructPrintScore.cpp(158,9): warning C4101: 'j' :참조되지 않은 지역 변수입니다.
C:\Users\KOSTA\source\repos\KOSTA\NewStructPrintScore\NewStructPrintScore.cpp(216,14): warning C4996: 'fopen': This function or variable may be unsafe. Consider using fopen_s instead. To disable deprecation, use _CRT_SECURE_NO_WARNINGS. See online help for details.
C:\Users\KOSTA\source\repos\KOSTA\NewStructPrintScore\NewStructPrintScore.cpp(217,15): warning C4996: 'fopen': This function or variable may be unsafe. Consider using fopen_s instead. To disable deprecation, use _CRT_SECURE_NO_WARNINGS. See online help for details.
C:\Users\KOSTA\source\repos\KOSTA\NewStructPrintScore\NewStructPrintScore.cpp(223,3): warning C4996: 'fscanf': This function or variable may be unsafe. Consider using fscanf_s instead. To disable deprecation, use _CRT_SECURE_NO_WARNINGS. See online help for details.
C:\Users\KOSTA\source\repos\KOSTA\NewStructPrintScore\NewStructPrintScore.cpp(211,12): warning C4101: 'j' :참조되지 않은 지역 변수입니다.
C:\Users\KOSTA\source\repos\KOSTA\NewStructPrintScore\NewStructPrintScore.cpp(211,9): warning C4101: 'i' :참조되지 않은 지역 변수입니다.
C:\Users\KOSTA\source\repos\KOSTA\NewStructPrintScore\NewStructPrintScore.cpp(341,18): warning C4244: '=': 'double'에서 'float'(으)로 변환하면서 데이터가 손실될 수 있습니다.
C:\Users\KOSTA\source\repos\KOSTA\NewStructPrintScore\NewStructPrintScore.cpp(341,36): warning C4244: '=': 'double'에서 'float'(으)로 변환하면서 데이터가 손실될 수 있습니다.
C:\Users\KOSTA\source\repos\KOSTA\NewStructPrintScore\NewStructPrintScore.cpp(274,7): warning C4101: 'k' :참조되지 않은 지역 변수입니다.
C:\Users\KOSTA\source\repos\KOSTA\NewStructPrintScore\NewStructPrintScore.cpp(299,9): warning C4101: 'buf' :참조되지 않은 지역 변수입니다.
C:\Users\KOSTA\source\repos\KOSTA\NewStructPrintScore\NewStructPrintScore.cpp(316,9): warning C4101: 'buf' :참조되지 않은 지역 변수입니다.
  NewStructPrintScore.vcxproj -> C:\Users\KOSTA\source\repos\KOSTA\x64\Debug\NewStructPrintScore.exe
